  [1m[36m (0.1ms)[0m  [1mselect sqlite_version(*)[0m
  [1m[35m (109.9ms)[0m  CREATE TABLE "schema_migrations" ("version" varchar(255) NOT NULL) 
  [1m[36m (0.1ms)[0m  [1mPRAGMA index_list("schema_migrations")[0m
  [1m[35m (86.7ms)[0m  CREATE UNIQUE INDEX "unique_schema_migrations" ON "schema_migrations" ("version")
  [1m[36m (0.2ms)[0m  [1mSELECT "schema_migrations"."version" FROM "schema_migrations" [0m
Migrating to CreateAlbums (20110826162909)
  [1m[36m (0.1ms)[0m  [1mSELECT "schema_migrations"."version" FROM "schema_migrations" [0m
Migrating to CreateAlbums (20110826162909)
  [1m[35m (0.1ms)[0m  select sqlite_version(*)
  [1m[36m (0.6ms)[0m  [1mCREATE TABLE "albums" ("id" INTEGER PRIMARY KEY AUTOINCREMENT NOT NULL, "name" varchar(255)) [0m
  [1m[35m (0.1ms)[0m  INSERT INTO "schema_migrations" ("version") VALUES ('20110826162909')
  [1m[36m (0.4ms)[0m  [1mselect sqlite_version(*)[0m
  [1m[35m (0.1ms)[0m  SELECT "schema_migrations"."version" FROM "schema_migrations" 
  [1m[36m (0.0ms)[0m  [1mPRAGMA index_list("albums")[0m
  [1m[36m (0.4ms)[0m  [1mselect sqlite_version(*)[0m
  [1m[35m (0.1ms)[0m  SELECT "schema_migrations"."version" FROM "schema_migrations" 
  [1m[36m (0.0ms)[0m  [1mPRAGMA index_list("albums")[0m
  [1m[36m (0.3ms)[0m  [1mselect sqlite_version(*)[0m
  [1m[35m (144.3ms)[0m  CREATE TABLE "albums" ("id" INTEGER PRIMARY KEY AUTOINCREMENT NOT NULL, "name" varchar(255)) 
  [1m[36m (96.4ms)[0m  [1mCREATE TABLE "schema_migrations" ("version" varchar(255) NOT NULL) [0m
  [1m[35m (0.2ms)[0m  PRAGMA index_list("schema_migrations")
  [1m[36m (146.2ms)[0m  [1mCREATE UNIQUE INDEX "unique_schema_migrations" ON "schema_migrations" ("version")[0m
  [1m[35m (0.1ms)[0m  SELECT version FROM "schema_migrations"
  [1m[36m (251.0ms)[0m  [1mINSERT INTO "schema_migrations" (version) VALUES ('20110826162909')[0m
  [1m[36m (0.1ms)[0m  [1mSELECT "schema_migrations"."version" FROM "schema_migrations" [0m
Migrating to CreateAlbums (20110826192513)
  [1m[35m (0.1ms)[0m  select sqlite_version(*)
  [1m[36m (0.2ms)[0m  [1mCREATE TABLE "albums" ("id" INTEGER PRIMARY KEY AUTOINCREMENT NOT NULL, "name" varchar(255)) [0m
SQLite3::SQLException: table "albums" already exists: CREATE TABLE "albums" ("id" INTEGER PRIMARY KEY AUTOINCREMENT NOT NULL, "name" varchar(255)) 
  [1m[36m (0.3ms)[0m  [1mselect sqlite_version(*)[0m
  [1m[35m (160.1ms)[0m  CREATE TABLE "albums" ("id" INTEGER PRIMARY KEY AUTOINCREMENT NOT NULL, "name" varchar(255)) 
  [1m[36m (98.6ms)[0m  [1mCREATE TABLE "schema_migrations" ("version" varchar(255) NOT NULL) [0m
  [1m[35m (0.2ms)[0m  PRAGMA index_list("schema_migrations")
  [1m[36m (124.2ms)[0m  [1mCREATE UNIQUE INDEX "unique_schema_migrations" ON "schema_migrations" ("version")[0m
  [1m[35m (0.1ms)[0m  SELECT version FROM "schema_migrations"
  [1m[36m (95.9ms)[0m  [1mINSERT INTO "schema_migrations" (version) VALUES ('20110826162909')[0m
  [1m[36m (0.1ms)[0m  [1mSELECT "schema_migrations"."version" FROM "schema_migrations" [0m
  [1m[35m (0.1ms)[0m  SELECT "schema_migrations"."version" FROM "schema_migrations" 
Migrating to CreateAlbums (20110826162909)
  [1m[36m (0.1ms)[0m  [1mselect sqlite_version(*)[0m
  [1m[35m (0.2ms)[0m  DROP TABLE "imagine_albums"
SQLite3::SQLException: no such table: imagine_albums: DROP TABLE "imagine_albums"
  [1m[36m (0.1ms)[0m  [1mSELECT "schema_migrations"."version" FROM "schema_migrations" [0m
Migrating to CreateAlbums (20110826162909)
  [1m[35m (0.3ms)[0m  select sqlite_version(*)
  [1m[36m (0.1ms)[0m  [1mSELECT "schema_migrations"."version" FROM "schema_migrations" [0m
  [1m[35m (0.0ms)[0m  PRAGMA index_list("albums")
  [1m[36m (0.1ms)[0m  [1mSELECT "schema_migrations"."version" FROM "schema_migrations" [0m
Migrating to CreateAlbums (20110826192812)
  [1m[35m (0.1ms)[0m  select sqlite_version(*)
  [1m[36m (0.7ms)[0m  [1mCREATE TABLE "imagine_albums" ("id" INTEGER PRIMARY KEY AUTOINCREMENT NOT NULL, "name" varchar(255)) [0m
  [1m[35m (0.1ms)[0m  INSERT INTO "schema_migrations" ("version") VALUES ('20110826192812')
  [1m[36m (0.3ms)[0m  [1mselect sqlite_version(*)[0m
  [1m[35m (0.1ms)[0m  SELECT "schema_migrations"."version" FROM "schema_migrations" 
  [1m[36m (0.0ms)[0m  [1mPRAGMA index_list("albums")[0m
  [1m[35m (0.0ms)[0m  PRAGMA index_list("imagine_albums")
  [1m[36m (0.3ms)[0m  [1mselect sqlite_version(*)[0m
  [1m[35m (145.1ms)[0m  CREATE TABLE "albums" ("id" INTEGER PRIMARY KEY AUTOINCREMENT NOT NULL, "name" varchar(255)) 
  [1m[36m (69.2ms)[0m  [1mCREATE TABLE "imagine_albums" ("id" INTEGER PRIMARY KEY AUTOINCREMENT NOT NULL, "name" varchar(255)) [0m
  [1m[35m (94.9ms)[0m  CREATE TABLE "schema_migrations" ("version" varchar(255) NOT NULL) 
  [1m[36m (0.1ms)[0m  [1mPRAGMA index_list("schema_migrations")[0m
  [1m[35m (69.6ms)[0m  CREATE UNIQUE INDEX "unique_schema_migrations" ON "schema_migrations" ("version")
  [1m[36m (0.1ms)[0m  [1mSELECT version FROM "schema_migrations"[0m
  [1m[35m (65.0ms)[0m  INSERT INTO "schema_migrations" (version) VALUES ('20110826192812')


Started GET "/imagine/albums" for 127.0.0.1 at 2011-08-26 15:03:43 -0500
  Processing by Imagine::AlbumsController#index as HTML
Rendered /home/jadams/rails/imagine/app/views/imagine/albums/index.html.haml within layouts/imagine/application (2.2ms)
Sprockets::Environment#path is deprecated
/home/jadams/.rvm/gems/ruby-1.9.2-p290@imagine/bundler/gems/rails-cb1f31518fe1/actionpack/lib/sprockets/helpers/rails_helper.rb:119:in `rewrite_asset_path'
/home/jadams/.rvm/gems/ruby-1.9.2-p290@imagine/bundler/gems/rails-cb1f31518fe1/actionpack/lib/action_view/asset_paths.rb:29:in `compute_public_path'
/home/jadams/.rvm/gems/ruby-1.9.2-p290@imagine/bundler/gems/rails-cb1f31518fe1/actionpack/lib/sprockets/helpers/rails_helper.rb:100:in `compute_public_path'
Sprockets::Environment#path is deprecated
/home/jadams/.rvm/gems/ruby-1.9.2-p290@imagine/bundler/gems/rails-cb1f31518fe1/actionpack/lib/sprockets/helpers/rails_helper.rb:119:in `rewrite_asset_path'
/home/jadams/.rvm/gems/ruby-1.9.2-p290@imagine/bundler/gems/rails-cb1f31518fe1/actionpack/lib/action_view/asset_paths.rb:29:in `compute_public_path'
/home/jadams/.rvm/gems/ruby-1.9.2-p290@imagine/bundler/gems/rails-cb1f31518fe1/actionpack/lib/sprockets/helpers/rails_helper.rb:100:in `compute_public_path'
Completed 200 OK in 92ms (Views: 91.6ms | ActiveRecord: 0.0ms)


Started GET "/assets/imagine/application.css" for 127.0.0.1 at 2011-08-26 15:03:44 -0500
Served asset /imagine/application.css - 404 Not Found (3ms)

ActionController::RoutingError (No route matches [GET] "/assets/imagine/application.css"):
  

Rendered /home/jadams/.rvm/gems/ruby-1.9.2-p290@imagine/bundler/gems/rails-cb1f31518fe1/actionpack/lib/action_dispatch/middleware/templates/rescues/routing_error.erb within rescues/layout (0.8ms)


Started GET "/assets/imagine/application.js" for 127.0.0.1 at 2011-08-26 15:03:44 -0500
Served asset /imagine/application.js - 404 Not Found (7ms)

ActionController::RoutingError (No route matches [GET] "/assets/imagine/application.js"):
  

Rendered /home/jadams/.rvm/gems/ruby-1.9.2-p290@imagine/bundler/gems/rails-cb1f31518fe1/actionpack/lib/action_dispatch/middleware/templates/rescues/routing_error.erb within rescues/layout (0.8ms)


Started GET "/imagine/albums" for 127.0.0.1 at 2011-08-26 15:04:51 -0500
  Processing by Imagine::AlbumsController#index as HTML
Rendered /home/jadams/rails/imagine/app/views/imagine/albums/index.html.haml within layouts/imagine/application (0.8ms)
Sprockets::Environment#path is deprecated
/home/jadams/.rvm/gems/ruby-1.9.2-p290@imagine/bundler/gems/rails-cb1f31518fe1/actionpack/lib/sprockets/helpers/rails_helper.rb:119:in `rewrite_asset_path'
/home/jadams/.rvm/gems/ruby-1.9.2-p290@imagine/bundler/gems/rails-cb1f31518fe1/actionpack/lib/action_view/asset_paths.rb:29:in `compute_public_path'
/home/jadams/.rvm/gems/ruby-1.9.2-p290@imagine/bundler/gems/rails-cb1f31518fe1/actionpack/lib/sprockets/helpers/rails_helper.rb:100:in `compute_public_path'
Sprockets::Environment#path is deprecated
/home/jadams/.rvm/gems/ruby-1.9.2-p290@imagine/bundler/gems/rails-cb1f31518fe1/actionpack/lib/sprockets/helpers/rails_helper.rb:119:in `rewrite_asset_path'
/home/jadams/.rvm/gems/ruby-1.9.2-p290@imagine/bundler/gems/rails-cb1f31518fe1/actionpack/lib/action_view/asset_paths.rb:29:in `compute_public_path'
/home/jadams/.rvm/gems/ruby-1.9.2-p290@imagine/bundler/gems/rails-cb1f31518fe1/actionpack/lib/sprockets/helpers/rails_helper.rb:100:in `compute_public_path'
Completed 200 OK in 43ms (Views: 42.6ms | ActiveRecord: 0.0ms)


Started GET "/assets/imagine/application.css" for 127.0.0.1 at 2011-08-26 15:04:51 -0500
Served asset /imagine/application.css - 404 Not Found (3ms)

ActionController::RoutingError (No route matches [GET] "/assets/imagine/application.css"):
  

Rendered /home/jadams/.rvm/gems/ruby-1.9.2-p290@imagine/bundler/gems/rails-cb1f31518fe1/actionpack/lib/action_dispatch/middleware/templates/rescues/routing_error.erb within rescues/layout (0.9ms)


Started GET "/assets/imagine/application.js" for 127.0.0.1 at 2011-08-26 15:04:51 -0500
Served asset /imagine/application.js - 404 Not Found (5ms)

ActionController::RoutingError (No route matches [GET] "/assets/imagine/application.js"):
  

Rendered /home/jadams/.rvm/gems/ruby-1.9.2-p290@imagine/bundler/gems/rails-cb1f31518fe1/actionpack/lib/action_dispatch/middleware/templates/rescues/routing_error.erb within rescues/layout (0.8ms)


Started GET "/imagine/albums" for 127.0.0.1 at 2011-08-26 15:07:09 -0500
  Processing by Imagine::AlbumsController#index as HTML
Rendered /home/jadams/rails/imagine/app/views/imagine/albums/index.html.haml (0.8ms)
Completed 200 OK in 7ms (Views: 7.0ms | ActiveRecord: 0.0ms)


Started GET "/imagine/albums" for 127.0.0.1 at 2011-08-26 15:07:28 -0500
  Processing by Imagine::AlbumsController#index as HTML
Rendered /home/jadams/rails/imagine/app/views/imagine/albums/index.html.haml (2.9ms)
Completed 200 OK in 122ms (Views: 121.2ms | ActiveRecord: 0.0ms)


Started GET "/imagine/albums" for 127.0.0.1 at 2011-08-26 15:07:49 -0500
  Processing by Imagine::AlbumsController#index as HTML
Rendered /home/jadams/rails/imagine/app/views/imagine/albums/index.html.haml within layouts/application (1.0ms)
Sprockets::Environment#path is deprecated
/home/jadams/.rvm/gems/ruby-1.9.2-p290@imagine/bundler/gems/rails-cb1f31518fe1/actionpack/lib/sprockets/helpers/rails_helper.rb:119:in `rewrite_asset_path'
/home/jadams/.rvm/gems/ruby-1.9.2-p290@imagine/bundler/gems/rails-cb1f31518fe1/actionpack/lib/action_view/asset_paths.rb:29:in `compute_public_path'
/home/jadams/.rvm/gems/ruby-1.9.2-p290@imagine/bundler/gems/rails-cb1f31518fe1/actionpack/lib/sprockets/helpers/rails_helper.rb:100:in `compute_public_path'
Sprockets::Environment#path is deprecated
/home/jadams/.rvm/gems/ruby-1.9.2-p290@imagine/bundler/gems/rails-cb1f31518fe1/actionpack/lib/sprockets/helpers/rails_helper.rb:119:in `rewrite_asset_path'
/home/jadams/.rvm/gems/ruby-1.9.2-p290@imagine/bundler/gems/rails-cb1f31518fe1/actionpack/lib/action_view/asset_paths.rb:29:in `compute_public_path'
/home/jadams/.rvm/gems/ruby-1.9.2-p290@imagine/bundler/gems/rails-cb1f31518fe1/actionpack/lib/sprockets/helpers/rails_helper.rb:100:in `compute_public_path'
Completed 200 OK in 11ms (Views: 10.2ms | ActiveRecord: 0.0ms)


Started GET "/assets/imagine/application.css" for 127.0.0.1 at 2011-08-26 15:07:49 -0500
Served asset /imagine/application.css - 404 Not Found (6ms)

ActionController::RoutingError (No route matches [GET] "/assets/imagine/application.css"):
  

Rendered /home/jadams/.rvm/gems/ruby-1.9.2-p290@imagine/bundler/gems/rails-cb1f31518fe1/actionpack/lib/action_dispatch/middleware/templates/rescues/routing_error.erb within rescues/layout (1.3ms)


Started GET "/assets/imagine/application.js" for 127.0.0.1 at 2011-08-26 15:07:49 -0500
Served asset /imagine/application.js - 404 Not Found (40ms)

ActionController::RoutingError (No route matches [GET] "/assets/imagine/application.js"):
  

Rendered /home/jadams/.rvm/gems/ruby-1.9.2-p290@imagine/bundler/gems/rails-cb1f31518fe1/actionpack/lib/action_dispatch/middleware/templates/rescues/routing_error.erb within rescues/layout (1.0ms)
